<?xml version="1.0" encoding="utf-8"?><testsuites name="pytest tests"><testsuite name="pytest" errors="0" failures="0" skipped="0" tests="5" time="3.033" timestamp="2026-08-10T16:09:40.682955+00:00" hostname="agent-env-a52e8128-7724-4520-becb-9129fcd52180"><testcase classname="tests.test_grace_cares.TestRoleAccess" name="test_admin_vat_declarations" time="0.697" /><testcase classname="tests.test_grace_cares.TestCheckoutStock" name="test_payment_status_pending" time="1.854" /><testcase classname="tests.test_grace_cares.TestRoleAccess" name="test_content_admin_blocked_from_vat" time="1.571" /><testcase classname="tests.test_grace_cares.TestRoleAccess" name="test_content_admin_cannot_see_sensitive_enquiries" time="0.170" /><testcase classname="tests.test_grace_cares.TestRoleAccess" name="test_super_admin_sees_all_enquiries" time="0.050" /></testsuite></testsuites>