<?xml version="1.0" encoding="utf-8"?><testsuites name="pytest tests"><testsuite name="pytest" errors="0" failures="0" skipped="5" tests="43" time="7.455" timestamp="2026-08-10T16:10:58.624587+00:00" hostname="agent-env-a52e8128-7724-4520-becb-9129fcd52180"><testcase classname="tests.test_grace_cares.TestShop" name="test_categories" time="0.221" /><testcase classname="tests.test_grace_cares.TestVATEngine" name="test_standard_rated_only" time="0.812"><skipped type="pytest.skip" message="No non-eligible product with stock">/app/backend/tests/test_grace_cares.py:155: No non-eligible product with stock</skipped></testcase><testcase classname="tests.test_grace_cares.TestShop" name="test_products_list" time="0.562" /><testcase classname="tests.test_grace_cares.TestShop" name="test_products_filter_vat_relief" time="0.124" /><testcase classname="tests.test_grace_cares.TestVATEngine" name="test_eligible_with_declaration_zero" time="0.238" /><testcase classname="tests.test_grace_cares.TestShop" name="test_products_search" time="0.144" /><testcase classname="tests.test_grace_cares.TestVATEngine" name="test_eligible_without_declaration" time="0.261" /><testcase classname="tests.test_grace_cares.TestShop" name="test_product_detail" time="0.163" /><testcase classname="tests.test_grace_cares.TestHealth" name="test_root" time="0.122" /><testcase classname="tests.test_grace_cares.TestVATEngine" name="test_mixed_basket" time="0.447"><skipped type="pytest.skip" message="Need both eligible and non-eligible products in stock">/app/backend/tests/test_grace_cares.py:189: Need both eligible and non-eligible products in stock</skipped></testcase><testcase classname="tests.test_grace_cares.TestHealth" name="test_admin_login" time="0.069" /><testcase classname="tests.test_grace_cares.TestHealth" name="test_admin_bad_password" time="0.348" /><testcase classname="tests.test_grace_cares.TestVATEngine" name="test_do_not_qualify" time="0.479" /><testcase classname="tests.test_grace_cares.TestHealth" name="test_register_and_me" time="0.416" /><testcase classname="tests.test_grace_cares.TestRoleAccess" name="test_admin_vat_declarations" time="0.065" /><testcase classname="tests.test_grace_cares.TestEvents" name="test_events_list_no_online_link" time="0.115" /><testcase classname="tests.test_grace_cares.TestEvents" name="test_free_booking" time="0.336" /><testcase classname="tests.test_grace_cares.TestEvents" name="test_paid_booking" time="1.044" /><testcase classname="tests.test_grace_cares.TestRoleAccess" name="test_content_admin_blocked_from_vat" time="1.518" /><testcase classname="tests.test_grace_cares.TestEvents" name="test_waiting_list" time="0.440" /><testcase classname="tests.test_grace_cares.TestRoleAccess" name="test_content_admin_cannot_see_sensitive_enquiries" time="0.187" /><testcase classname="tests.test_grace_cares.TestRoleAccess" name="test_super_admin_sees_all_enquiries" time="0.091" /><testcase classname="tests.test_grace_cares.TestResources" name="test_list" time="0.140" /><testcase classname="tests.test_grace_cares.TestCheckoutStock" name="test_checkout_returns_stripe_url" time="0.112"><skipped type="pytest.skip" message="No non-eligible product with stock">/app/backend/tests/test_grace_cares.py:217: No non-eligible product with stock</skipped></testcase><testcase classname="tests.test_grace_cares.TestResources" name="test_gated_requires_email" time="0.626" /><testcase classname="tests.test_grace_cares.TestCheckoutStock" name="test_stock_conflict_qty1" time="0.737" /><testcase classname="tests.test_grace_cares.TestResources" name="test_nongated_download" time="0.307" /><testcase classname="tests.test_grace_cares.TestCheckoutStock" name="test_payment_status_pending" time="0.157"><skipped type="pytest.skip" message="No non-eligible product with stock">/app/backend/tests/test_grace_cares.py:253: No non-eligible product with stock</skipped></testcase><testcase classname="tests.test_grace_cares.TestDonations" name="test_donation_oneoff" time="0.457" /><testcase classname="tests.test_grace_cares.TestEquipmentDonation" name="test_requires_consent" time="0.373" /><testcase classname="tests.test_grace_cares.TestEquipmentDonation" name="test_submit" time="0.580" /><testcase classname="tests.test_grace_cares.TestDonations" name="test_donation_recurring" time="0.489" /><testcase classname="tests.test_grace_cares.TestEnquiries" name="test_routing_general" time="0.130" /><testcase classname="tests.test_grace_cares.TestXero" name="test_queue" time="0.056" /><testcase classname="tests.test_grace_cares.TestEnquiries" name="test_routing_sensitive" time="0.107" /><testcase classname="tests.test_grace_cares.TestXero" name="test_sync_idempotent" time="0.053"><skipped type="pytest.skip" message="No synced item to test idempotency">/app/backend/tests/test_grace_cares.py:476: No synced item to test idempotency</skipped></testcase><testcase classname="tests.test_grace_cares.TestNewsletter" name="test_requires_consent" time="0.096" /><testcase classname="tests.test_grace_cares.TestPasswordReset" name="test_forgot_password_ok" time="0.112" /><testcase classname="tests.test_grace_cares.TestNewsletter" name="test_ok" time="0.129" /><testcase classname="tests.test_grace_cares.TestPasswordReset" name="test_reset_invalid_token" time="0.112" /><testcase classname="tests.test_grace_cares.TestAdminProducts" name="test_create_edit_vat_toggle" time="0.241" /><testcase classname="tests.test_grace_cares.TestRefundPermission" name="test_customer_cannot_refund" time="0.110" /><testcase classname="tests.test_grace_cares.TestCheckoutDeclaration" name="test_incomplete_declaration_falls_back_to_vat" time="0.130" /></testsuite></testsuites>